<?xml version="1.0" encoding="UTF-8"?>
<!-- Generated by org.testng.reporters.JUnitXMLReporter -->
<testsuite ignored="0" hostname="ICPL15081" failures="0" tests="5" name="Test-Runner-1" time="35.128" errors="0" timestamp="2023-01-31T00:54:28 IST">
  <testcase classname="script.TestCase2" name="demo1" time="0.001"/>
  <testcase classname="script.TestCase2" name="demo2" time="0.001"/>
  <testcase classname="script.TestCase2" name="demo3" time="0.002"/>
  <testcase classname="script.TestCase2" name="demo4" time="0.001"/>
  <testcase classname="script.TestCase2" name="tc2" time="5.367"/>
</testsuite> <!-- Test-Runner-1 -->
