<?xml version="1.0" encoding="UTF-8"?>
<!-- Generated by org.testng.reporters.JUnitXMLReporter -->
<testsuite ignored="0" hostname="ICPL15081" failures="0" tests="5" name="Test-Runner-2" time="43.976" errors="0" timestamp="2023-01-31T00:54:37 IST">
  <testcase classname="script.TestCase3" name="demo1" time="0.001"/>
  <testcase classname="script.TestCase3" name="demo2" time="0.001"/>
  <testcase classname="script.TestCase3" name="demo3" time="0.001"/>
  <testcase classname="script.TestCase3" name="demo4" time="0.001"/>
  <testcase classname="script.TestCase3" name="tc3" time="16.085"/>
</testsuite> <!-- Test-Runner-2 -->
