<?xml version="1.0" encoding="UTF-8"?>
<!-- Generated by org.testng.reporters.JUnitReportReporter -->
<testsuite hostname="ICPL15081" failures="0" tests="5" name="script.TestCase3" time="43.928" errors="0" timestamp="2023-01-31T00:55:06 IST" skipped="0">
  <testcase classname="script.TestCase3" name="demo1" time="5.672"/>
  <system-out>
    <![CDATA[TestCase3 Smoke]]>
  </system-out>
  <testcase classname="script.TestCase3" name="demo2" time="5.383"/>
  <system-out>
    <![CDATA[TestCase3 Regression]]>
  </system-out>
  <testcase classname="script.TestCase3" name="tc3" time="21.853"/>
  <system-out>
    <![CDATA[TestCase3 executed successfully]]>
  </system-out>
  <testcase classname="script.TestCase3" name="demo4" time="5.708"/>
  <system-out>
    <![CDATA[TestCase3 RegionalRegression]]>
  </system-out>
  <testcase classname="script.TestCase3" name="demo3" time="5.312"/>
  <system-out>
    <![CDATA[TestCase3 NoSmoke-NoRegression]]>
  </system-out>
</testsuite> <!-- script.TestCase3 -->
