<?xml version="1.0" encoding="UTF-8"?>
<!-- Generated by org.testng.reporters.JUnitReportReporter -->
<testsuite hostname="ICPL15081" failures="0" tests="5" name="script.TestCase1" time="20.028" errors="0" timestamp="2023-01-31T00:55:06 IST" skipped="0">
  <testcase classname="script.TestCase1" name="demo2" time="3.488"/>
  <system-out>
    <![CDATA[TestCase1 Regression]]>
  </system-out>
  <testcase classname="script.TestCase1" name="demo3" time="3.073"/>
  <system-out>
    <![CDATA[TestCase1 NoSmoke-NoRegression]]>
  </system-out>
  <testcase classname="script.TestCase1" name="tc1" time="7.072"/>
  <system-out>
    <![CDATA[TestCase1 executed successfully]]>
  </system-out>
  <testcase classname="script.TestCase1" name="demo1" time="3.262"/>
  <system-out>
    <![CDATA[TestCase1 Smoke]]>
  </system-out>
  <testcase classname="script.TestCase1" name="demo4" time="3.133"/>
  <system-out>
    <![CDATA[TestCase1 RegionalRegression]]>
  </system-out>
</testsuite> <!-- script.TestCase1 -->
