<?xml version="1.0" encoding="UTF-8"?>
<!-- Generated by org.testng.reporters.JUnitReportReporter -->
<testsuite hostname="ICPL15081" failures="0" tests="5" name="script.TestCase2" time="35.083" errors="0" timestamp="2023-01-31T00:55:06 IST" skipped="0">
  <testcase classname="script.TestCase2" name="demo2" time="6.090"/>
  <system-out>
    <![CDATA[TestCase2 Regression]]>
  </system-out>
  <testcase classname="script.TestCase2" name="tc2" time="10.858"/>
  <system-out>
    <![CDATA[TestCase2 executed successfully]]>
  </system-out>
  <testcase classname="script.TestCase2" name="demo1" time="6.130"/>
  <system-out>
    <![CDATA[TestCase2 Smoke]]>
  </system-out>
  <testcase classname="script.TestCase2" name="demo3" time="6.447"/>
  <system-out>
    <![CDATA[TestCase2 NoSmoke-NoRegression]]>
  </system-out>
  <testcase classname="script.TestCase2" name="demo4" time="5.558"/>
  <system-out>
    <![CDATA[TestCase2 RegionalRegression]]>
  </system-out>
</testsuite> <!-- script.TestCase2 -->
